# JRE version: Java(TM) SE Runtime Environment (8.0_111-b14) (build 1.8.0_111-b14)
# Java VM: Java HotSpot(TM) Client VM (25.111-b14 mixed mode windows-x86 )
Heap:
 def new generation   total 4928K, used 1432K [0x04800000, 0x04d50000, 0x09d50000)
  eden space 4416K,  20% used [0x04800000, 0x048e6340, 0x04c50000)
  from space 512K, 100% used [0x04c50000, 0x04cd0000, 0x04cd0000)
  to   space 512K,   0% used [0x04cd0000, 0x04cd0000, 0x04d50000)
 tenured generation   total 10944K, used 6906K [0x09d50000, 0x0a800000, 0x14800000)
   the space 10944K,  63% used [0x09d50000, 0x0a40ea60, 0x0a40ec00, 0x0a800000)
 Metaspace       used 10523K, capacity 10743K, committed 10880K, reserved 11648K
GC Heap History (10 events):
Event: 1.535 GC heap before
{Heap before GC invocations=1 (full 0):
 def new generation   total 4928K, used 4928K [0x04800000, 0x04d50000, 0x09d50000)
  eden space 4416K, 100% used [0x04800000, 0x04c50000, 0x04c50000)
  from space 512K, 100% used [0x04cd0000, 0x04d50000, 0x04d50000)
  to   space 512K,   0% used [0x04c50000, 0x04c50000, 0x04cd0000)
 tenured generation   total 10944K, used 998K [0x09d50000, 0x0a800000, 0x14800000)
   the space 10944K,   9% used [0x09d50000, 0x09e49a38, 0x09e49c00, 0x0a800000)
 Metaspace       used 8597K, capacity 8791K, committed 8832K, reserved 9600K
Event: 1.546 GC heap after
Heap after GC invocations=2 (full 0):
 def new generation   total 4928K, used 512K [0x04800000, 0x04d50000, 0x09d50000)
  eden space 4416K,   0% used [0x04800000, 0x04800000, 0x04c50000)
  from space 512K, 100% used [0x04c50000, 0x04cd0000, 0x04cd0000)
  to   space 512K,   0% used [0x04cd0000, 0x04cd0000, 0x04d50000)
 tenured generation   total 10944K, used 2326K [0x09d50000, 0x0a800000, 0x14800000)
   the space 10944K,  21% used [0x09d50000, 0x09f95838, 0x09f95a00, 0x0a800000)
 Metaspace       used 8597K, capacity 8791K, committed 8832K, reserved 9600K
}
Event: 1.755 GC heap before
{Heap before GC invocations=2 (full 0):
 def new generation   total 4928K, used 3536K [0x04800000, 0x04d50000, 0x09d50000)
  eden space 4416K,  68% used [0x04800000, 0x04af4378, 0x04c50000)
  from space 512K, 100% used [0x04c50000, 0x04cd0000, 0x04cd0000)
  to   space 512K,   0% used [0x04cd0000, 0x04cd0000, 0x04d50000)
 tenured generation   total 10944K, used 2326K [0x09d50000, 0x0a800000, 0x14800000)
   the space 10944K,  21% used [0x09d50000, 0x09f95838, 0x09f95a00, 0x0a800000)
 Metaspace       used 9313K, capacity 9527K, committed 9600K, reserved 9600K
Event: 1.762 GC heap after
Heap after GC invocations=3 (full 0):
 def new generation   total 4928K, used 512K [0x04800000, 0x04d50000, 0x09d50000)
  eden space 4416K,   0% used [0x04800000, 0x04800000, 0x04c50000)
  from space 512K, 100% used [0x04cd0000, 0x04d50000, 0x04d50000)
  to   space 512K,   0% used [0x04c50000, 0x04c50000, 0x04cd0000)
 tenured generation   total 10944K, used 3122K [0x09d50000, 0x0a800000, 0x14800000)
   the space 10944K,  28% used [0x09d50000, 0x0a05c9e8, 0x0a05ca00, 0x0a800000)
 Metaspace       used 9313K, capacity 9527K, committed 9600K, reserved 9600K
}
Event: 1.914 GC heap before
{Heap before GC invocations=3 (full 0):
 def new generation   total 4928K, used 4928K [0x04800000, 0x04d50000, 0x09d50000)
  eden space 4416K, 100% used [0x04800000, 0x04c50000, 0x04c50000)
  from space 512K, 100% used [0x04cd0000, 0x04d50000, 0x04d50000)
  to   space 512K,   0% used [0x04c50000, 0x04c50000, 0x04cd0000)
 tenured generation   total 10944K, used 3122K [0x09d50000, 0x0a800000, 0x14800000)
   the space 10944K,  28% used [0x09d50000, 0x0a05c9e8, 0x0a05ca00, 0x0a800000)
 Metaspace       used 9700K, capacity 9911K, committed 9984K, reserved 10624K
Event: 1.925 GC heap after
Heap after GC invocations=4 (full 0):
 def new generation   total 4928K, used 307K [0x04800000, 0x04d50000, 0x09d50000)
  eden space 4416K,   0% used [0x04800000, 0x04800000, 0x04c50000)
  from space 512K,  60% used [0x04c50000, 0x04c9cf78, 0x04cd0000)
  to   space 512K,   0% used [0x04cd0000, 0x04cd0000, 0x04d50000)
 tenured generation   total 10944K, used 6555K [0x09d50000, 0x0a800000, 0x14800000)
   the space 10944K,  59% used [0x09d50000, 0x0a3b6fd0, 0x0a3b7000, 0x0a800000)
 Metaspace       used 9700K, capacity 9911K, committed 9984K, reserved 10624K
}
Event: 12.263 GC heap before
{Heap before GC invocations=4 (full 0):
 def new generation   total 4928K, used 4723K [0x04800000, 0x04d50000, 0x09d50000)
  eden space 4416K, 100% used [0x04800000, 0x04c50000, 0x04c50000)
  from space 512K,  60% used [0x04c50000, 0x04c9cf78, 0x04cd0000)
  to   space 512K,   0% used [0x04cd0000, 0x04cd0000, 0x04d50000)
 tenured generation   total 10944K, used 6555K [0x09d50000, 0x0a800000, 0x14800000)
   the space 10944K,  59% used [0x09d50000, 0x0a3b6fd0, 0x0a3b7000, 0x0a800000)
 Metaspace       used 9880K, capacity 10103K, committed 10240K, reserved 10624K
Event: 12.266 GC heap after
Heap after GC invocations=5 (full 0):
 def new generation   total 4928K, used 123K [0x04800000, 0x04d50000, 0x09d50000)
  eden space 4416K,   0% used [0x04800000, 0x04800000, 0x04c50000)
  from space 512K,  24% used [0x04cd0000, 0x04ceee80, 0x04d50000)
  to   space 512K,   0% used [0x04c50000, 0x04c50000, 0x04cd0000)
 tenured generation   total 10944K, used 6661K [0x09d50000, 0x0a800000, 0x14800000)
   the space 10944K,  60% used [0x09d50000, 0x0a3d1698, 0x0a3d1800, 0x0a800000)
 Metaspace       used 9880K, capacity 10103K, committed 10240K, reserved 10624K
}
Event: 41.319 GC heap before
{Heap before GC invocations=5 (full 0):
 def new generation   total 4928K, used 4539K [0x04800000, 0x04d50000, 0x09d50000)
  eden space 4416K, 100% used [0x04800000, 0x04c50000, 0x04c50000)
  from space 512K,  24% used [0x04cd0000, 0x04ceee80, 0x04d50000)
  to   space 512K,   0% used [0x04c50000, 0x04c50000, 0x04cd0000)
 tenured generation   total 10944K, used 6661K [0x09d50000, 0x0a800000, 0x14800000)
   the space 10944K,  60% used [0x09d50000, 0x0a3d1698, 0x0a3d1800, 0x0a800000)
 Metaspace       used 10523K, capacity 10743K, committed 10880K, reserved 11648K
Event: 41.323 GC heap after
Heap after GC invocations=6 (full 0):
 def new generation   total 4928K, used 512K [0x04800000, 0x04d50000, 0x09d50000)
  eden space 4416K,   0% used [0x04800000, 0x04800000, 0x04c50000)
  from space 512K, 100% used [0x04c50000, 0x04cd0000, 0x04cd0000)
  to   space 512K,   0% used [0x04cd0000, 0x04cd0000, 0x04d50000)
 tenured generation   total 10944K, used 6906K [0x09d50000, 0x0a800000, 0x14800000)
   the space 10944K,  63% used [0x09d50000, 0x0a40ea60, 0x0a40ec00, 0x0a800000)
 Metaspace       used 10523K, capacity 10743K, committed 10880K, reserved 11648K
}

