# JRE version: Java(TM) SE Runtime Environment (8.0_111-b14) (build 1.8.0_111-b14)
# Java VM: Java HotSpot(TM) Client VM (25.111-b14 mixed mode, sharing windows-x86 )
Heap:
 def new generation   total 4928K, used 920K [0x04400000, 0x04950000, 0x09950000)
  eden space 4416K,   9% used [0x04400000, 0x04466158, 0x04850000)
  from space 512K, 100% used [0x04850000, 0x048d0000, 0x048d0000)
  to   space 512K,   0% used [0x048d0000, 0x048d0000, 0x04950000)
 tenured generation   total 10944K, used 9283K [0x09950000, 0x0a400000, 0x14400000)
   the space 10944K,  84% used [0x09950000, 0x0a260f10, 0x0a261000, 0x0a400000)
 Metaspace       used 3382K, capacity 4239K, committed 4288K, reserved 4480K
GC Heap History (10 events):
Event: 0.489 GC heap before
{Heap before GC invocations=3 (full 0):
 def new generation   total 4928K, used 4049K [0x04400000, 0x04950000, 0x09950000)
  eden space 4416K,  80% used [0x04400000, 0x04774478, 0x04850000)
  from space 512K, 100% used [0x048d0000, 0x04950000, 0x04950000)
  to   space 512K,   0% used [0x04850000, 0x04850000, 0x048d0000)
 tenured generation   total 10944K, used 3271K [0x09950000, 0x0a400000, 0x14400000)
   the space 10944K,  29% used [0x09950000, 0x09c81c20, 0x09c81e00, 0x0a400000)
 Metaspace       used 2566K, capacity 3791K, committed 3904K, reserved 4480K
Event: 0.493 GC heap after
Heap after GC invocations=4 (full 0):
 def new generation   total 4928K, used 97K [0x04400000, 0x04950000, 0x09950000)
  eden space 4416K,   0% used [0x04400000, 0x04400000, 0x04850000)
  from space 512K,  19% used [0x04850000, 0x048687f0, 0x048d0000)
  to   space 512K,   0% used [0x048d0000, 0x048d0000, 0x04950000)
 tenured generation   total 10944K, used 6072K [0x09950000, 0x0a400000, 0x14400000)
   the space 10944K,  55% used [0x09950000, 0x09f3e140, 0x09f3e200, 0x0a400000)
 Metaspace       used 2566K, capacity 3791K, committed 3904K, reserved 4480K
}
Event: 1.073 GC heap before
{Heap before GC invocations=4 (full 0):
 def new generation   total 4928K, used 4513K [0x04400000, 0x04950000, 0x09950000)
  eden space 4416K, 100% used [0x04400000, 0x04850000, 0x04850000)
  from space 512K,  19% used [0x04850000, 0x048687f0, 0x048d0000)
  to   space 512K,   0% used [0x048d0000, 0x048d0000, 0x04950000)
 tenured generation   total 10944K, used 6072K [0x09950000, 0x0a400000, 0x14400000)
   the space 10944K,  55% used [0x09950000, 0x09f3e140, 0x09f3e200, 0x0a400000)
 Metaspace       used 2829K, capacity 3983K, committed 4032K, reserved 4480K
Event: 1.075 GC heap after
Heap after GC invocations=5 (full 0):
 def new generation   total 4928K, used 422K [0x04400000, 0x04950000, 0x09950000)
  eden space 4416K,   0% used [0x04400000, 0x04400000, 0x04850000)
  from space 512K,  82% used [0x048d0000, 0x04939a48, 0x04950000)
  to   space 512K,   0% used [0x04850000, 0x04850000, 0x048d0000)
 tenured generation   total 10944K, used 7066K [0x09950000, 0x0a400000, 0x14400000)
   the space 10944K,  64% used [0x09950000, 0x0a036838, 0x0a036a00, 0x0a400000)
 Metaspace       used 2829K, capacity 3983K, committed 4032K, reserved 4480K
}
Event: 4.389 GC heap before
{Heap before GC invocations=5 (full 0):
 def new generation   total 4928K, used 4838K [0x04400000, 0x04950000, 0x09950000)
  eden space 4416K, 100% used [0x04400000, 0x04850000, 0x04850000)
  from space 512K,  82% used [0x048d0000, 0x04939a48, 0x04950000)
  to   space 512K,   0% used [0x04850000, 0x04850000, 0x048d0000)
 tenured generation   total 10944K, used 7066K [0x09950000, 0x0a400000, 0x14400000)
   the space 10944K,  64% used [0x09950000, 0x0a036838, 0x0a036a00, 0x0a400000)
 Metaspace       used 2850K, capacity 3983K, committed 4032K, reserved 4480K
Event: 4.391 GC heap after
Heap after GC invocations=6 (full 0):
 def new generation   total 4928K, used 90K [0x04400000, 0x04950000, 0x09950000)
  eden space 4416K,   0% used [0x04400000, 0x04400000, 0x04850000)
  from space 512K,  17% used [0x04850000, 0x048669f8, 0x048d0000)
  to   space 512K,   0% used [0x048d0000, 0x048d0000, 0x04950000)
 tenured generation   total 10944K, used 9083K [0x09950000, 0x0a400000, 0x14400000)
   the space 10944K,  82% used [0x09950000, 0x0a22ecc8, 0x0a22ee00, 0x0a400000)
 Metaspace       used 2850K, capacity 3983K, committed 4032K, reserved 4480K
}
Event: 21.623 GC heap before
{Heap before GC invocations=6 (full 0):
 def new generation   total 4928K, used 4501K [0x04400000, 0x04950000, 0x09950000)
  eden space 4416K,  99% used [0x04400000, 0x0484eb08, 0x04850000)
  from space 512K,  17% used [0x04850000, 0x048669f8, 0x048d0000)
  to   space 512K,   0% used [0x048d0000, 0x048d0000, 0x04950000)
 tenured generation   total 10944K, used 9083K [0x09950000, 0x0a400000, 0x14400000)
   the space 10944K,  82% used [0x09950000, 0x0a22ecc8, 0x0a22ee00, 0x0a400000)
 Metaspace       used 2862K, capacity 3983K, committed 4032K, reserved 4480K
Event: 21.626 GC heap after
Heap after GC invocations=7 (full 0):
 def new generation   total 4928K, used 130K [0x04400000, 0x04950000, 0x09950000)
  eden space 4416K,   0% used [0x04400000, 0x04400000, 0x04850000)
  from space 512K,  25% used [0x048d0000, 0x048f0ab8, 0x04950000)
  to   space 512K,   0% used [0x04850000, 0x04850000, 0x048d0000)
 tenured generation   total 10944K, used 9083K [0x09950000, 0x0a400000, 0x14400000)
   the space 10944K,  82% used [0x09950000, 0x0a22ecc8, 0x0a22ee00, 0x0a400000)
 Metaspace       used 2862K, capacity 3983K, committed 4032K, reserved 4480K
}
Event: 28.255 GC heap before
{Heap before GC invocations=7 (full 0):
 def new generation   total 4928K, used 4546K [0x04400000, 0x04950000, 0x09950000)
  eden space 4416K, 100% used [0x04400000, 0x04850000, 0x04850000)
  from space 512K,  25% used [0x048d0000, 0x048f0ab8, 0x04950000)
  to   space 512K,   0% used [0x04850000, 0x04850000, 0x048d0000)
 tenured generation   total 10944K, used 9083K [0x09950000, 0x0a400000, 0x14400000)
   the space 10944K,  82% used [0x09950000, 0x0a22ecc8, 0x0a22ee00, 0x0a400000)
 Metaspace       used 3382K, capacity 4207K, committed 4288K, reserved 4480K
Event: 28.260 GC heap after
Heap after GC invocations=8 (full 0):
 def new generation   total 4928K, used 512K [0x04400000, 0x04950000, 0x09950000)
  eden space 4416K,   0% used [0x04400000, 0x04400000, 0x04850000)
  from space 512K, 100% used [0x04850000, 0x048d0000, 0x048d0000)
  to   space 512K,   0% used [0x048d0000, 0x048d0000, 0x04950000)
 tenured generation   total 10944K, used 9283K [0x09950000, 0x0a400000, 0x14400000)
   the space 10944K,  84% used [0x09950000, 0x0a260f10, 0x0a261000, 0x0a400000)
 Metaspace       used 3382K, capacity 4207K, committed 4288K, reserved 4480K
}

