# JRE version: Java(TM) SE Runtime Environment (8.0_111-b14) (build 1.8.0_111-b14)
# Java VM: Java HotSpot(TM) Client VM (25.111-b14 mixed mode, sharing windows-x86 )
Heap:
 def new generation   total 4928K, used 1373K [0x04600000, 0x04b50000, 0x09b50000)
  eden space 4416K,  19% used [0x04600000, 0x046d77a0, 0x04a50000)
  from space 512K, 100% used [0x04ad0000, 0x04b50000, 0x04b50000)
  to   space 512K,   0% used [0x04a50000, 0x04a50000, 0x04ad0000)
 tenured generation   total 10944K, used 7506K [0x09b50000, 0x0a600000, 0x14600000)
   the space 10944K,  68% used [0x09b50000, 0x0a2a4908, 0x0a2a4a00, 0x0a600000)
 Metaspace       used 3384K, capacity 4239K, committed 4288K, reserved 4480K
GC Heap History (10 events):
Event: 7.563 GC heap before
{Heap before GC invocations=2 (full 0):
 def new generation   total 4928K, used 4156K [0x04600000, 0x04b50000, 0x09b50000)
  eden space 4416K,  82% used [0x04600000, 0x0498f378, 0x04a50000)
  from space 512K, 100% used [0x04a50000, 0x04ad0000, 0x04ad0000)
  to   space 512K,   0% used [0x04ad0000, 0x04ad0000, 0x04b50000)
 tenured generation   total 10944K, used 2321K [0x09b50000, 0x0a600000, 0x14600000)
   the space 10944K,  21% used [0x09b50000, 0x09d945a8, 0x09d94600, 0x0a600000)
 Metaspace       used 2468K, capacity 3791K, committed 3904K, reserved 4480K
Event: 7.567 GC heap after
Heap after GC invocations=3 (full 0):
 def new generation   total 4928K, used 512K [0x04600000, 0x04b50000, 0x09b50000)
  eden space 4416K,   0% used [0x04600000, 0x04600000, 0x04a50000)
  from space 512K, 100% used [0x04ad0000, 0x04b50000, 0x04b50000)
  to   space 512K,   0% used [0x04a50000, 0x04a50000, 0x04ad0000)
 tenured generation   total 10944K, used 3271K [0x09b50000, 0x0a600000, 0x14600000)
   the space 10944K,  29% used [0x09b50000, 0x09e81d40, 0x09e81e00, 0x0a600000)
 Metaspace       used 2468K, capacity 3791K, committed 3904K, reserved 4480K
}
Event: 7.767 GC heap before
{Heap before GC invocations=3 (full 0):
 def new generation   total 4928K, used 4048K [0x04600000, 0x04b50000, 0x09b50000)
  eden space 4416K,  80% used [0x04600000, 0x049743d8, 0x04a50000)
  from space 512K, 100% used [0x04ad0000, 0x04b50000, 0x04b50000)
  to   space 512K,   0% used [0x04a50000, 0x04a50000, 0x04ad0000)
 tenured generation   total 10944K, used 3271K [0x09b50000, 0x0a600000, 0x14600000)
   the space 10944K,  29% used [0x09b50000, 0x09e81d40, 0x09e81e00, 0x0a600000)
 Metaspace       used 2567K, capacity 3791K, committed 3904K, reserved 4480K
Event: 7.771 GC heap after
Heap after GC invocations=4 (full 0):
 def new generation   total 4928K, used 97K [0x04600000, 0x04b50000, 0x09b50000)
  eden space 4416K,   0% used [0x04600000, 0x04600000, 0x04a50000)
  from space 512K,  19% used [0x04a50000, 0x04a687f0, 0x04ad0000)
  to   space 512K,   0% used [0x04ad0000, 0x04ad0000, 0x04b50000)
 tenured generation   total 10944K, used 6084K [0x09b50000, 0x0a600000, 0x14600000)
   the space 10944K,  55% used [0x09b50000, 0x0a141310, 0x0a141400, 0x0a600000)
 Metaspace       used 2567K, capacity 3791K, committed 3904K, reserved 4480K
}
Event: 8.778 GC heap before
{Heap before GC invocations=4 (full 0):
 def new generation   total 4928K, used 4513K [0x04600000, 0x04b50000, 0x09b50000)
  eden space 4416K, 100% used [0x04600000, 0x04a50000, 0x04a50000)
  from space 512K,  19% used [0x04a50000, 0x04a687f0, 0x04ad0000)
  to   space 512K,   0% used [0x04ad0000, 0x04ad0000, 0x04b50000)
 tenured generation   total 10944K, used 6084K [0x09b50000, 0x0a600000, 0x14600000)
   the space 10944K,  55% used [0x09b50000, 0x0a141310, 0x0a141400, 0x0a600000)
 Metaspace       used 2839K, capacity 3983K, committed 4032K, reserved 4480K
Event: 8.782 GC heap after
Heap after GC invocations=5 (full 0):
 def new generation   total 4928K, used 422K [0x04600000, 0x04b50000, 0x09b50000)
  eden space 4416K,   0% used [0x04600000, 0x04600000, 0x04a50000)
  from space 512K,  82% used [0x04ad0000, 0x04b39b98, 0x04b50000)
  to   space 512K,   0% used [0x04a50000, 0x04a50000, 0x04ad0000)
 tenured generation   total 10944K, used 7078K [0x09b50000, 0x0a600000, 0x14600000)
   the space 10944K,  64% used [0x09b50000, 0x0a239a08, 0x0a239c00, 0x0a600000)
 Metaspace       used 2839K, capacity 3983K, committed 4032K, reserved 4480K
}
Event: 24.643 GC heap before
{Heap before GC invocations=5 (full 0):
 def new generation   total 4928K, used 4838K [0x04600000, 0x04b50000, 0x09b50000)
  eden space 4416K, 100% used [0x04600000, 0x04a50000, 0x04a50000)
  from space 512K,  82% used [0x04ad0000, 0x04b39b98, 0x04b50000)
  to   space 512K,   0% used [0x04a50000, 0x04a50000, 0x04ad0000)
 tenured generation   total 10944K, used 7078K [0x09b50000, 0x0a600000, 0x14600000)
   the space 10944K,  64% used [0x09b50000, 0x0a239a08, 0x0a239c00, 0x0a600000)
 Metaspace       used 2862K, capacity 3983K, committed 4032K, reserved 4480K
Event: 24.646 GC heap after
Heap after GC invocations=6 (full 0):
 def new generation   total 4928K, used 153K [0x04600000, 0x04b50000, 0x09b50000)
  eden space 4416K,   0% used [0x04600000, 0x04600000, 0x04a50000)
  from space 512K,  29% used [0x04a50000, 0x04a76440, 0x04ad0000)
  to   space 512K,   0% used [0x04ad0000, 0x04ad0000, 0x04b50000)
 tenured generation   total 10944K, used 7300K [0x09b50000, 0x0a600000, 0x14600000)
   the space 10944K,  66% used [0x09b50000, 0x0a271050, 0x0a271200, 0x0a600000)
 Metaspace       used 2862K, capacity 3983K, committed 4032K, reserved 4480K
}
Event: 33.909 GC heap before
{Heap before GC invocations=6 (full 0):
 def new generation   total 4928K, used 4569K [0x04600000, 0x04b50000, 0x09b50000)
  eden space 4416K, 100% used [0x04600000, 0x04a50000, 0x04a50000)
  from space 512K,  29% used [0x04a50000, 0x04a76440, 0x04ad0000)
  to   space 512K,   0% used [0x04ad0000, 0x04ad0000, 0x04b50000)
 tenured generation   total 10944K, used 7300K [0x09b50000, 0x0a600000, 0x14600000)
   the space 10944K,  66% used [0x09b50000, 0x0a271050, 0x0a271200, 0x0a600000)
 Metaspace       used 3383K, capacity 4239K, committed 4288K, reserved 4480K
Event: 33.919 GC heap after
Heap after GC invocations=7 (full 0):
 def new generation   total 4928K, used 512K [0x04600000, 0x04b50000, 0x09b50000)
  eden space 4416K,   0% used [0x04600000, 0x04600000, 0x04a50000)
  from space 512K, 100% used [0x04ad0000, 0x04b50000, 0x04b50000)
  to   space 512K,   0% used [0x04a50000, 0x04a50000, 0x04ad0000)
 tenured generation   total 10944K, used 7506K [0x09b50000, 0x0a600000, 0x14600000)
   the space 10944K,  68% used [0x09b50000, 0x0a2a4908, 0x0a2a4a00, 0x0a600000)
 Metaspace       used 3383K, capacity 4239K, committed 4288K, reserved 4480K
}

